<?xml version="1.0" encoding="UTF-8"?>
<testng-results ignored="0" total="1" passed="1" failed="0" skipped="0">
  <reporter-output>
  </reporter-output>
  <suite started-at="2024-06-09T11:48:35 IST" name="Suite" finished-at="2024-06-09T11:49:00 IST" duration-ms="24714">
    <groups>
    </groups>
    <test started-at="2024-06-09T11:48:35 IST" name="LoginTest" finished-at="2024-06-09T11:49:00 IST" duration-ms="24714">
      <class name="com.vida.signapp.tests.LoginTest">
        <test-method is-config="true" signature="setup()[pri:0, instance:com.vida.signapp.tests.LoginTest@5e316c74]" started-at="2024-06-09T11:48:35 IST" name="setup" finished-at="2024-06-09T11:48:45 IST" duration-ms="9714" status="PASS">
          <reporter-output>
          </reporter-output>
        </test-method> <!-- setup -->
        <test-method signature="testLogin(java.lang.String,java.lang.String)[pri:0, instance:com.vida.signapp.tests.LoginTest@5e316c74]" started-at="2024-06-09T11:48:48 IST" name="testLogin" data-provider="loginData" finished-at="2024-06-09T11:48:59 IST" duration-ms="10944" status="PASS">
          <params>
            <param index="0">
              <value>
                <![CDATA[Guhan]]>
              </value>
            </param>
            <param index="1">
              <value>
                <![CDATA[Pass123]]>
              </value>
            </param>
          </params>
          <reporter-output>
          </reporter-output>
        </test-method> <!-- testLogin -->
        <test-method is-config="true" signature="tearDown(org.testng.ITestResult)[pri:0, instance:com.vida.signapp.tests.LoginTest@5e316c74]" started-at="2024-06-09T11:48:59 IST" name="tearDown" finished-at="2024-06-09T11:48:59 IST" duration-ms="5" status="PASS">
          <params>
            <param index="0">
              <value>
                <![CDATA[[TestResult name=testLogin status=SUCCESS method=LoginTest.testLogin(java.lang.String,java.lang.String)[pri:0, instance:com.vida.signapp.tests.LoginTest@5e316c74] output={null}]]]>
              </value>
            </param>
          </params>
          <reporter-output>
          </reporter-output>
        </test-method> <!-- tearDown -->
        <test-method is-config="true" signature="tearDown()[pri:0, instance:com.vida.signapp.tests.LoginTest@5e316c74]" started-at="2024-06-09T11:48:59 IST" name="tearDown" finished-at="2024-06-09T11:49:00 IST" duration-ms="1328" status="PASS">
          <reporter-output>
          </reporter-output>
        </test-method> <!-- tearDown -->
      </class> <!-- com.vida.signapp.tests.LoginTest -->
    </test> <!-- LoginTest -->
  </suite> <!-- Suite -->
</testng-results>
